{"C:\\Users\\Eduardo\\Documents\\gitlocal\\Eduardo-Costa\\semana 12\\aula41\\planner\\src\\index.js": {"path":"C:\\Users\\Eduardo\\Documents\\gitlocal\\Eduardo-Costa\\semana 12\\aula41\\planner\\src\\index.js","statementMap":{"0":{"start":{"line":5,"column":20},"end":{"line":5,"column":51}},"1":{"start":{"line":6,"column":0},"end":{"line":6,"column":38}}},"fnMap":{},"branchMap":{},"s":{"0":0,"1":0},"f":{},"b":{},"hash":"d098871057e8cbfd07f92ff1168a84f3b2549224"}
,"C:\\Users\\Eduardo\\Documents\\gitlocal\\Eduardo-Costa\\semana 12\\aula41\\planner\\src\\actions\\Actions.js": {"path":"C:\\Users\\Eduardo\\Documents\\gitlocal\\Eduardo-Costa\\semana 12\\aula41\\planner\\src\\actions\\Actions.js","statementMap":{"0":{"start":{"line":3,"column":16},"end":{"line":3,"column":106}},"1":{"start":{"line":5,"column":29},"end":{"line":16,"column":1}},"2":{"start":{"line":5,"column":52},"end":{"line":16,"column":1}},"3":{"start":{"line":6,"column":4},"end":{"line":15,"column":5}},"4":{"start":{"line":7,"column":8},"end":{"line":7,"column":38}},"5":{"start":{"line":8,"column":25},"end":{"line":11,"column":10}},"6":{"start":{"line":12,"column":8},"end":{"line":12,"column":28}},"7":{"start":{"line":14,"column":4},"end":{"line":14,"column":33}},"8":{"start":{"line":18,"column":24},"end":{"line":25,"column":1}},"9":{"start":{"line":18,"column":30},"end":{"line":25,"column":1}},"10":{"start":{"line":19,"column":4},"end":{"line":24,"column":5}},"11":{"start":{"line":20,"column":25},"end":{"line":20,"column":54}},"12":{"start":{"line":21,"column":8},"end":{"line":21,"column":41}},"13":{"start":{"line":23,"column":4},"end":{"line":23,"column":33}},"14":{"start":{"line":27,"column":17},"end":{"line":29,"column":3}},"15":{"start":{"line":27,"column":28},"end":{"line":29,"column":2}}},"fnMap":{"0":{"name":"(anonymous_0)","decl":{"start":{"line":5,"column":29},"end":{"line":5,"column":30}},"loc":{"start":{"line":5,"column":52},"end":{"line":16,"column":1}},"line":5},"1":{"name":"(anonymous_1)","decl":{"start":{"line":5,"column":52},"end":{"line":5,"column":53}},"loc":{"start":{"line":5,"column":72},"end":{"line":16,"column":1}},"line":5},"2":{"name":"(anonymous_2)","decl":{"start":{"line":18,"column":24},"end":{"line":18,"column":25}},"loc":{"start":{"line":18,"column":30},"end":{"line":25,"column":1}},"line":18},"3":{"name":"(anonymous_3)","decl":{"start":{"line":18,"column":30},"end":{"line":18,"column":31}},"loc":{"start":{"line":18,"column":50},"end":{"line":25,"column":1}},"line":18},"4":{"name":"(anonymous_4)","decl":{"start":{"line":27,"column":17},"end":{"line":27,"column":18}},"loc":{"start":{"line":27,"column":28},"end":{"line":29,"column":2}},"line":27}},"branchMap":{},"s":{"0":1,"1":1,"2":0,"3":0,"4":0,"5":0,"6":0,"7":0,"8":1,"9":0,"10":0,"11":0,"12":0,"13":0,"14":1,"15":0},"f":{"0":0,"1":0,"2":0,"3":0,"4":0},"b":{},"_coverageSchema":"43e27e138ebf9cfc5966b082cf9a028302ed4184","hash":"d65c13cca9cce99b29319c4667bf68744b0c7331"}
,"C:\\Users\\Eduardo\\Documents\\gitlocal\\Eduardo-Costa\\semana 12\\aula41\\planner\\src\\containers\\App\\index.js": {"path":"C:\\Users\\Eduardo\\Documents\\gitlocal\\Eduardo-Costa\\semana 12\\aula41\\planner\\src\\containers\\App\\index.js","statementMap":{"0":{"start":{"line":10,"column":20},"end":{"line":15,"column":1}},"1":{"start":{"line":14,"column":11},"end":{"line":14,"column":12}},"2":{"start":{"line":17,"column":14},"end":{"line":17,"column":63}},"3":{"start":{"line":19,"column":19},"end":{"line":26,"column":1}},"4":{"start":{"line":20,"column":2},"end":{"line":25,"column":13}}},"fnMap":{"0":{"name":"(anonymous_0)","decl":{"start":{"line":14,"column":6},"end":{"line":14,"column":7}},"loc":{"start":{"line":14,"column":11},"end":{"line":14,"column":12}},"line":14},"1":{"name":"(anonymous_1)","decl":{"start":{"line":19,"column":19},"end":{"line":19,"column":20}},"loc":{"start":{"line":20,"column":2},"end":{"line":25,"column":13}},"line":20}},"branchMap":{"0":{"loc":{"start":{"line":12,"column":2},"end":{"line":14,"column":12}},"type":"cond-expr","locations":[{"start":{"line":13,"column":6},"end":{"line":13,"column":43}},{"start":{"line":14,"column":6},"end":{"line":14,"column":12}}],"line":12}},"s":{"0":0,"1":0,"2":0,"3":0,"4":0},"f":{"0":0,"1":0},"b":{"0":[0,0]},"hash":"1a19e7668528735eaa903c68bae1cef876eab460"}
,"C:\\Users\\Eduardo\\Documents\\gitlocal\\Eduardo-Costa\\semana 12\\aula41\\planner\\src\\containers\\Creator\\Creator.js": {"path":"C:\\Users\\Eduardo\\Documents\\gitlocal\\Eduardo-Costa\\semana 12\\aula41\\planner\\src\\containers\\Creator\\Creator.js","statementMap":{"0":{"start":{"line":8,"column":42},"end":{"line":8,"column":54}},"1":{"start":{"line":9,"column":38},"end":{"line":9,"column":50}},"2":{"start":{"line":11,"column":26},"end":{"line":15,"column":1}},"3":{"start":{"line":12,"column":4},"end":{"line":12,"column":26}},"4":{"start":{"line":13,"column":4},"end":{"line":13,"column":51}},"5":{"start":{"line":14,"column":4},"end":{"line":14,"column":24}},"6":{"start":{"line":17,"column":4},"end":{"line":34,"column":6}},"7":{"start":{"line":20,"column":57},"end":{"line":20,"column":93}},"8":{"start":{"line":21,"column":46},"end":{"line":21,"column":80}},"9":{"start":{"line":37,"column":24},"end":{"line":37,"column":37}},"10":{"start":{"line":37,"column":34},"end":{"line":37,"column":36}},"11":{"start":{"line":39,"column":27},"end":{"line":42,"column":2}},"12":{"start":{"line":39,"column":42},"end":{"line":42,"column":1}},"13":{"start":{"line":40,"column":34},"end":{"line":40,"column":68}},"14":{"start":{"line":41,"column":20},"end":{"line":41,"column":40}}},"fnMap":{"0":{"name":"Creator","decl":{"start":{"line":7,"column":9},"end":{"line":7,"column":16}},"loc":{"start":{"line":7,"column":24},"end":{"line":35,"column":1}},"line":7},"1":{"name":"(anonymous_1)","decl":{"start":{"line":11,"column":26},"end":{"line":11,"column":27}},"loc":{"start":{"line":11,"column":37},"end":{"line":15,"column":1}},"line":11},"2":{"name":"(anonymous_2)","decl":{"start":{"line":20,"column":45},"end":{"line":20,"column":46}},"loc":{"start":{"line":20,"column":56},"end":{"line":20,"column":94}},"line":20},"3":{"name":"(anonymous_3)","decl":{"start":{"line":21,"column":34},"end":{"line":21,"column":35}},"loc":{"start":{"line":21,"column":45},"end":{"line":21,"column":81}},"line":21},"4":{"name":"(anonymous_4)","decl":{"start":{"line":37,"column":24},"end":{"line":37,"column":25}},"loc":{"start":{"line":37,"column":34},"end":{"line":37,"column":36}},"line":37},"5":{"name":"(anonymous_5)","decl":{"start":{"line":39,"column":27},"end":{"line":39,"column":28}},"loc":{"start":{"line":39,"column":42},"end":{"line":42,"column":1}},"line":39},"6":{"name":"(anonymous_6)","decl":{"start":{"line":40,"column":19},"end":{"line":40,"column":20}},"loc":{"start":{"line":40,"column":34},"end":{"line":40,"column":68}},"line":40},"7":{"name":"(anonymous_7)","decl":{"start":{"line":41,"column":14},"end":{"line":41,"column":15}},"loc":{"start":{"line":41,"column":20},"end":{"line":41,"column":40}},"line":41}},"branchMap":{},"s":{"0":0,"1":0,"2":0,"3":0,"4":0,"5":0,"6":0,"7":0,"8":0,"9":1,"10":0,"11":1,"12":0,"13":0,"14":0},"f":{"0":0,"1":0,"2":0,"3":0,"4":0,"5":0,"6":0,"7":0},"b":{},"_coverageSchema":"43e27e138ebf9cfc5966b082cf9a028302ed4184","hash":"7d0cc39b55a885747c650f9ced107f5134156d60"}
,"C:\\Users\\Eduardo\\Documents\\gitlocal\\Eduardo-Costa\\semana 12\\aula41\\planner\\src\\containers\\Planner\\index.js": {"path":"C:\\Users\\Eduardo\\Documents\\gitlocal\\Eduardo-Costa\\semana 12\\aula41\\planner\\src\\containers\\Planner\\index.js","statementMap":{"0":{"start":{"line":9,"column":2},"end":{"line":11,"column":8}},"1":{"start":{"line":10,"column":4},"end":{"line":10,"column":20}},"2":{"start":{"line":12,"column":4},"end":{"line":25,"column":5}},"3":{"start":{"line":28,"column":24},"end":{"line":28,"column":65}},"4":{"start":{"line":28,"column":34},"end":{"line":28,"column":64}},"5":{"start":{"line":30,"column":27},"end":{"line":32,"column":2}},"6":{"start":{"line":30,"column":42},"end":{"line":32,"column":1}},"7":{"start":{"line":31,"column":18},"end":{"line":31,"column":38}}},"fnMap":{"0":{"name":"Planner","decl":{"start":{"line":8,"column":9},"end":{"line":8,"column":16}},"loc":{"start":{"line":8,"column":24},"end":{"line":26,"column":1}},"line":8},"1":{"name":"(anonymous_1)","decl":{"start":{"line":9,"column":12},"end":{"line":9,"column":13}},"loc":{"start":{"line":9,"column":18},"end":{"line":11,"column":3}},"line":9},"2":{"name":"(anonymous_2)","decl":{"start":{"line":28,"column":24},"end":{"line":28,"column":25}},"loc":{"start":{"line":28,"column":34},"end":{"line":28,"column":64}},"line":28},"3":{"name":"(anonymous_3)","decl":{"start":{"line":30,"column":27},"end":{"line":30,"column":28}},"loc":{"start":{"line":30,"column":42},"end":{"line":32,"column":1}},"line":30},"4":{"name":"(anonymous_4)","decl":{"start":{"line":31,"column":12},"end":{"line":31,"column":13}},"loc":{"start":{"line":31,"column":18},"end":{"line":31,"column":38}},"line":31}},"branchMap":{},"s":{"0":0,"1":0,"2":0,"3":1,"4":0,"5":1,"6":0,"7":0},"f":{"0":0,"1":0,"2":0,"3":0,"4":0},"b":{},"_coverageSchema":"43e27e138ebf9cfc5966b082cf9a028302ed4184","hash":"f4fc3f68c8736711236cbbb704dd2a35d9dd42f3"}
,"C:\\Users\\Eduardo\\Documents\\gitlocal\\Eduardo-Costa\\semana 12\\aula41\\planner\\src\\containers\\TaskItem\\TaskItem.js": {"path":"C:\\Users\\Eduardo\\Documents\\gitlocal\\Eduardo-Costa\\semana 12\\aula41\\planner\\src\\containers\\TaskItem\\TaskItem.js","statementMap":{"0":{"start":{"line":7,"column":4},"end":{"line":14,"column":6}}},"fnMap":{"0":{"name":"TaskItem","decl":{"start":{"line":6,"column":24},"end":{"line":6,"column":32}},"loc":{"start":{"line":6,"column":40},"end":{"line":15,"column":1}},"line":6}},"branchMap":{},"s":{"0":0},"f":{"0":0},"b":{},"_coverageSchema":"43e27e138ebf9cfc5966b082cf9a028302ed4184","hash":"edc4e466d5de466e9af22f6b17e7665707f99d56"}
,"C:\\Users\\Eduardo\\Documents\\gitlocal\\Eduardo-Costa\\semana 12\\aula41\\planner\\src\\containers\\Tasks\\Tasks.js": {"path":"C:\\Users\\Eduardo\\Documents\\gitlocal\\Eduardo-Costa\\semana 12\\aula41\\planner\\src\\containers\\Tasks\\Tasks.js","statementMap":{"0":{"start":{"line":7,"column":26},"end":{"line":9,"column":6}},"1":{"start":{"line":8,"column":8},"end":{"line":8,"column":40}},"2":{"start":{"line":11,"column":4},"end":{"line":27,"column":6}},"3":{"start":{"line":17,"column":16},"end":{"line":24,"column":17}}},"fnMap":{"0":{"name":"Tasks","decl":{"start":{"line":6,"column":24},"end":{"line":6,"column":29}},"loc":{"start":{"line":6,"column":37},"end":{"line":28,"column":1}},"line":6},"1":{"name":"(anonymous_1)","decl":{"start":{"line":7,"column":48},"end":{"line":7,"column":49}},"loc":{"start":{"line":7,"column":59},"end":{"line":9,"column":5}},"line":7},"2":{"name":"(anonymous_2)","decl":{"start":{"line":16,"column":47},"end":{"line":16,"column":48}},"loc":{"start":{"line":16,"column":58},"end":{"line":25,"column":13}},"line":16}},"branchMap":{"0":{"loc":{"start":{"line":16,"column":12},"end":{"line":25,"column":14}},"type":"binary-expr","locations":[{"start":{"line":16,"column":12},"end":{"line":16,"column":25}},{"start":{"line":16,"column":29},"end":{"line":25,"column":14}}],"line":16}},"s":{"0":0,"1":0,"2":0,"3":0},"f":{"0":0,"1":0,"2":0},"b":{"0":[0,0]},"_coverageSchema":"43e27e138ebf9cfc5966b082cf9a028302ed4184","hash":"953506010fcad7a62983b1b56f4069df9f162191"}
,"C:\\Users\\Eduardo\\Documents\\gitlocal\\Eduardo-Costa\\semana 12\\aula41\\planner\\src\\reducers\\index.js": {"path":"C:\\Users\\Eduardo\\Documents\\gitlocal\\Eduardo-Costa\\semana 12\\aula41\\planner\\src\\reducers\\index.js","statementMap":{"0":{"start":{"line":4,"column":27},"end":{"line":6,"column":2}}},"fnMap":{},"branchMap":{},"s":{"0":0},"f":{},"b":{},"hash":"34ffd111a05795f4e163863ee3bb4f0706af5735"}
,"C:\\Users\\Eduardo\\Documents\\gitlocal\\Eduardo-Costa\\semana 12\\aula41\\planner\\src\\reducers\\tasks.js": {"path":"C:\\Users\\Eduardo\\Documents\\gitlocal\\Eduardo-Costa\\semana 12\\aula41\\planner\\src\\reducers\\tasks.js","statementMap":{"0":{"start":{"line":1,"column":21},"end":{"line":3,"column":1}},"1":{"start":{"line":5,"column":14},"end":{"line":15,"column":1}},"2":{"start":{"line":6,"column":4},"end":{"line":14,"column":5}},"3":{"start":{"line":8,"column":12},"end":{"line":11,"column":13}},"4":{"start":{"line":13,"column":12},"end":{"line":13,"column":24}}},"fnMap":{"0":{"name":"(anonymous_0)","decl":{"start":{"line":5,"column":14},"end":{"line":5,"column":15}},"loc":{"start":{"line":5,"column":48},"end":{"line":15,"column":1}},"line":5}},"branchMap":{"0":{"loc":{"start":{"line":5,"column":15},"end":{"line":5,"column":35}},"type":"default-arg","locations":[{"start":{"line":5,"column":23},"end":{"line":5,"column":35}}],"line":5},"1":{"loc":{"start":{"line":6,"column":4},"end":{"line":14,"column":5}},"type":"switch","locations":[{"start":{"line":7,"column":8},"end":{"line":11,"column":13}},{"start":{"line":12,"column":8},"end":{"line":13,"column":24}}],"line":6}},"s":{"0":0,"1":0,"2":0,"3":0,"4":0},"f":{"0":0},"b":{"0":[0],"1":[0,0]},"hash":"757da4d08f4d659fde44c538c32f7c98f5410048"}
,"C:\\Users\\Eduardo\\Documents\\gitlocal\\Eduardo-Costa\\semana 12\\aula41\\planner\\src\\style\\styled.js": {"path":"C:\\Users\\Eduardo\\Documents\\gitlocal\\Eduardo-Costa\\semana 12\\aula41\\planner\\src\\style\\styled.js","statementMap":{"0":{"start":{"line":5,"column":30},"end":{"line":9,"column":1}},"1":{"start":{"line":10,"column":30},"end":{"line":12,"column":1}},"2":{"start":{"line":14,"column":24},"end":{"line":19,"column":1}},"3":{"start":{"line":20,"column":32},"end":{"line":22,"column":1}}},"fnMap":{},"branchMap":{},"s":{"0":1,"1":1,"2":1,"3":1},"f":{},"b":{},"_coverageSchema":"43e27e138ebf9cfc5966b082cf9a028302ed4184","hash":"ce2ab1b96881a513c9dce660555090e053f9b549"}
,"C:\\Users\\Eduardo\\Documents\\gitlocal\\Eduardo-Costa\\semana 12\\aula41\\planner\\src\\style\\theme.js": {"path":"C:\\Users\\Eduardo\\Documents\\gitlocal\\Eduardo-Costa\\semana 12\\aula41\\planner\\src\\style\\theme.js","statementMap":{},"fnMap":{},"branchMap":{},"s":{},"f":{},"b":{},"hash":"d8166297dd2d436007274ce7285629612cf954d1"}
}
