TN:
SF:C:\Users\Eduardo\Documents\gitlocal\Eduardo-Costa\semana 12\aula41\planner\src\index.js
FNF:0
FNH:0
DA:5,0
DA:6,0
LF:2
LH:0
BRF:0
BRH:0
end_of_record
TN:
SF:C:\Users\Eduardo\Documents\gitlocal\Eduardo-Costa\semana 12\aula41\planner\src\actions\Actions.js
FN:5,(anonymous_0)
FN:5,(anonymous_1)
FN:18,(anonymous_2)
FN:18,(anonymous_3)
FN:27,(anonymous_4)
FNF:5
FNH:0
FNDA:0,(anonymous_0)
FNDA:0,(anonymous_1)
FNDA:0,(anonymous_2)
FNDA:0,(anonymous_3)
FNDA:0,(anonymous_4)
DA:3,1
DA:5,1
DA:6,0
DA:7,0
DA:8,0
DA:12,0
DA:14,0
DA:18,1
DA:19,0
DA:20,0
DA:21,0
DA:23,0
DA:27,1
LF:13
LH:4
BRF:0
BRH:0
end_of_record
TN:
SF:C:\Users\Eduardo\Documents\gitlocal\Eduardo-Costa\semana 12\aula41\planner\src\containers\App\index.js
FN:14,(anonymous_0)
FN:19,(anonymous_1)
FNF:2
FNH:0
FNDA:0,(anonymous_0)
FNDA:0,(anonymous_1)
DA:10,0
DA:14,0
DA:17,0
DA:19,0
DA:20,0
LF:5
LH:0
BRDA:12,0,0,0
BRDA:12,0,1,0
BRF:2
BRH:0
end_of_record
TN:
SF:C:\Users\Eduardo\Documents\gitlocal\Eduardo-Costa\semana 12\aula41\planner\src\containers\Creator\Creator.js
FN:7,Creator
FN:11,(anonymous_1)
FN:20,(anonymous_2)
FN:21,(anonymous_3)
FN:37,(anonymous_4)
FN:39,(anonymous_5)
FN:40,(anonymous_6)
FN:41,(anonymous_7)
FNF:8
FNH:0
FNDA:0,Creator
FNDA:0,(anonymous_1)
FNDA:0,(anonymous_2)
FNDA:0,(anonymous_3)
FNDA:0,(anonymous_4)
FNDA:0,(anonymous_5)
FNDA:0,(anonymous_6)
FNDA:0,(anonymous_7)
DA:8,0
DA:9,0
DA:11,0
DA:12,0
DA:13,0
DA:14,0
DA:17,0
DA:20,0
DA:21,0
DA:37,1
DA:39,1
DA:40,0
DA:41,0
LF:13
LH:2
BRF:0
BRH:0
end_of_record
TN:
SF:C:\Users\Eduardo\Documents\gitlocal\Eduardo-Costa\semana 12\aula41\planner\src\containers\Planner\index.js
FN:8,Planner
FN:9,(anonymous_1)
FN:28,(anonymous_2)
FN:30,(anonymous_3)
FN:31,(anonymous_4)
FNF:5
FNH:0
FNDA:0,Planner
FNDA:0,(anonymous_1)
FNDA:0,(anonymous_2)
FNDA:0,(anonymous_3)
FNDA:0,(anonymous_4)
DA:9,0
DA:10,0
DA:12,0
DA:28,1
DA:30,1
DA:31,0
LF:6
LH:2
BRF:0
BRH:0
end_of_record
TN:
SF:C:\Users\Eduardo\Documents\gitlocal\Eduardo-Costa\semana 12\aula41\planner\src\containers\TaskItem\TaskItem.js
FN:6,TaskItem
FNF:1
FNH:0
FNDA:0,TaskItem
DA:7,0
LF:1
LH:0
BRF:0
BRH:0
end_of_record
TN:
SF:C:\Users\Eduardo\Documents\gitlocal\Eduardo-Costa\semana 12\aula41\planner\src\containers\Tasks\Tasks.js
FN:6,Tasks
FN:7,(anonymous_1)
FN:16,(anonymous_2)
FNF:3
FNH:0
FNDA:0,Tasks
FNDA:0,(anonymous_1)
FNDA:0,(anonymous_2)
DA:7,0
DA:8,0
DA:11,0
DA:17,0
LF:4
LH:0
BRDA:16,0,0,0
BRDA:16,0,1,0
BRF:2
BRH:0
end_of_record
TN:
SF:C:\Users\Eduardo\Documents\gitlocal\Eduardo-Costa\semana 12\aula41\planner\src\reducers\index.js
FNF:0
FNH:0
DA:4,0
LF:1
LH:0
BRF:0
BRH:0
end_of_record
TN:
SF:C:\Users\Eduardo\Documents\gitlocal\Eduardo-Costa\semana 12\aula41\planner\src\reducers\tasks.js
FN:5,(anonymous_0)
FNF:1
FNH:0
FNDA:0,(anonymous_0)
DA:1,0
DA:5,0
DA:6,0
DA:8,0
DA:13,0
LF:5
LH:0
BRDA:5,0,0,0
BRDA:6,1,0,0
BRDA:6,1,1,0
BRF:3
BRH:0
end_of_record
TN:
SF:C:\Users\Eduardo\Documents\gitlocal\Eduardo-Costa\semana 12\aula41\planner\src\style\styled.js
FNF:0
FNH:0
DA:5,1
DA:10,1
DA:14,1
DA:20,1
LF:4
LH:4
BRF:0
BRH:0
end_of_record
TN:
SF:C:\Users\Eduardo\Documents\gitlocal\Eduardo-Costa\semana 12\aula41\planner\src\style\theme.js
FNF:0
FNH:0
LF:0
LH:0
BRF:0
BRH:0
end_of_record
