{"C:\\Users\\Eduardo\\Documents\\gitlocal\\Eduardo-Costa\\semana 12\\exercicios-testes-tarde\\src\\index.js": {"path":"C:\\Users\\Eduardo\\Documents\\gitlocal\\Eduardo-Costa\\semana 12\\exercicios-testes-tarde\\src\\index.js","statementMap":{"0":{"start":{"line":7,"column":2},"end":{"line":12,"column":4}},"1":{"start":{"line":15,"column":20},"end":{"line":15,"column":51}},"2":{"start":{"line":16,"column":0},"end":{"line":16,"column":38}}},"fnMap":{"0":{"name":"App","decl":{"start":{"line":6,"column":9},"end":{"line":6,"column":12}},"loc":{"start":{"line":6,"column":15},"end":{"line":13,"column":1}},"line":6}},"branchMap":{},"s":{"0":0,"1":0,"2":0},"f":{"0":0},"b":{},"hash":"243a64e7cb70fce7f444381d7c63633c32f4711a"}
,"C:\\Users\\Eduardo\\Documents\\gitlocal\\Eduardo-Costa\\semana 12\\exercicios-testes-tarde\\src\\exercicios\\ex1.js": {"path":"C:\\Users\\Eduardo\\Documents\\gitlocal\\Eduardo-Costa\\semana 12\\exercicios-testes-tarde\\src\\exercicios\\ex1.js","statementMap":{"0":{"start":{"line":2,"column":4},"end":{"line":6,"column":23}},"1":{"start":{"line":3,"column":8},"end":{"line":3,"column":19}},"2":{"start":{"line":4,"column":11},"end":{"line":6,"column":23}},"3":{"start":{"line":5,"column":8},"end":{"line":5,"column":19}},"4":{"start":{"line":6,"column":11},"end":{"line":6,"column":23}}},"fnMap":{"0":{"name":"anoBissexto","decl":{"start":{"line":1,"column":16},"end":{"line":1,"column":27}},"loc":{"start":{"line":1,"column":33},"end":{"line":7,"column":1}},"line":1}},"branchMap":{"0":{"loc":{"start":{"line":2,"column":4},"end":{"line":6,"column":23}},"type":"if","locations":[{"start":{"line":2,"column":4},"end":{"line":6,"column":23}},{"start":{"line":2,"column":4},"end":{"line":6,"column":23}}],"line":2},"1":{"loc":{"start":{"line":4,"column":11},"end":{"line":6,"column":23}},"type":"if","locations":[{"start":{"line":4,"column":11},"end":{"line":6,"column":23}},{"start":{"line":4,"column":11},"end":{"line":6,"column":23}}],"line":4},"2":{"loc":{"start":{"line":4,"column":15},"end":{"line":4,"column":59}},"type":"binary-expr","locations":[{"start":{"line":4,"column":15},"end":{"line":4,"column":26}},{"start":{"line":4,"column":30},"end":{"line":4,"column":43}},{"start":{"line":4,"column":47},"end":{"line":4,"column":59}}],"line":4}},"s":{"0":0,"1":0,"2":0,"3":0,"4":0},"f":{"0":0},"b":{"0":[0,0],"1":[0,0],"2":[0,0,0]},"hash":"a8154ec19b4360512496608c6c1c3ea38d433405"}
,"C:\\Users\\Eduardo\\Documents\\gitlocal\\Eduardo-Costa\\semana 12\\exercicios-testes-tarde\\src\\exercicios\\ex2.js": {"path":"C:\\Users\\Eduardo\\Documents\\gitlocal\\Eduardo-Costa\\semana 12\\exercicios-testes-tarde\\src\\exercicios\\ex2.js","statementMap":{},"fnMap":{"0":{"name":"checaPalindromo","decl":{"start":{"line":1,"column":16},"end":{"line":1,"column":31}},"loc":{"start":{"line":1,"column":39},"end":{"line":1,"column":41}},"line":1}},"branchMap":{},"s":{},"f":{"0":1},"b":{},"_coverageSchema":"43e27e138ebf9cfc5966b082cf9a028302ed4184","hash":"909aa61ad7d30cf50b1f87623af3d6cf5e1e7fb2"}
,"C:\\Users\\Eduardo\\Documents\\gitlocal\\Eduardo-Costa\\semana 12\\exercicios-testes-tarde\\src\\exercicios\\ex3.js": {"path":"C:\\Users\\Eduardo\\Documents\\gitlocal\\Eduardo-Costa\\semana 12\\exercicios-testes-tarde\\src\\exercicios\\ex3.js","statementMap":{},"fnMap":{"0":{"name":"sorteiaNumero","decl":{"start":{"line":1,"column":16},"end":{"line":1,"column":29}},"loc":{"start":{"line":1,"column":40},"end":{"line":1,"column":42}},"line":1}},"branchMap":{},"s":{},"f":{"0":1},"b":{},"_coverageSchema":"43e27e138ebf9cfc5966b082cf9a028302ed4184","hash":"dabb4c7575a3ec926bdbfe525583d25b1b905834"}
,"C:\\Users\\Eduardo\\Documents\\gitlocal\\Eduardo-Costa\\semana 12\\exercicios-testes-tarde\\src\\exercicios\\ex4.js": {"path":"C:\\Users\\Eduardo\\Documents\\gitlocal\\Eduardo-Costa\\semana 12\\exercicios-testes-tarde\\src\\exercicios\\ex4.js","statementMap":{},"fnMap":{"0":{"name":"removeItensDuplicados","decl":{"start":{"line":1,"column":16},"end":{"line":1,"column":37}},"loc":{"start":{"line":1,"column":45},"end":{"line":1,"column":47}},"line":1}},"branchMap":{},"s":{},"f":{"0":1},"b":{},"_coverageSchema":"43e27e138ebf9cfc5966b082cf9a028302ed4184","hash":"9adc5805757e3c7e5cdfef6324f5f4c80d6f384b"}
,"C:\\Users\\Eduardo\\Documents\\gitlocal\\Eduardo-Costa\\semana 12\\exercicios-testes-tarde\\src\\exercicios\\ex5.js": {"path":"C:\\Users\\Eduardo\\Documents\\gitlocal\\Eduardo-Costa\\semana 12\\exercicios-testes-tarde\\src\\exercicios\\ex5.js","statementMap":{},"fnMap":{"0":{"name":"ordenarArrayEmOrdemCrescente","decl":{"start":{"line":1,"column":16},"end":{"line":1,"column":44}},"loc":{"start":{"line":1,"column":52},"end":{"line":1,"column":54}},"line":1}},"branchMap":{},"s":{},"f":{"0":1},"b":{},"_coverageSchema":"43e27e138ebf9cfc5966b082cf9a028302ed4184","hash":"20f8d6068d927f9610bb556ea3118f857c3f4d7d"}
,"C:\\Users\\Eduardo\\Documents\\gitlocal\\Eduardo-Costa\\semana 12\\exercicios-testes-tarde\\src\\exercicios\\ex6.js": {"path":"C:\\Users\\Eduardo\\Documents\\gitlocal\\Eduardo-Costa\\semana 12\\exercicios-testes-tarde\\src\\exercicios\\ex6.js","statementMap":{},"fnMap":{"0":{"name":"primeirasLetrasParaMaiusculas","decl":{"start":{"line":1,"column":16},"end":{"line":1,"column":45}},"loc":{"start":{"line":1,"column":53},"end":{"line":1,"column":55}},"line":1}},"branchMap":{},"s":{},"f":{"0":1},"b":{},"_coverageSchema":"43e27e138ebf9cfc5966b082cf9a028302ed4184","hash":"e128b067a208904cb258c1a2af74e72eb68f201e"}
}
