TN:
SF:C:\Users\Eduardo\Documents\gitlocal\Eduardo-Costa\semana 12\exercicios-testes-tarde\src\index.js
FN:6,App
FNF:1
FNH:0
FNDA:0,App
DA:7,0
DA:15,0
DA:16,0
LF:3
LH:0
BRF:0
BRH:0
end_of_record
TN:
SF:C:\Users\Eduardo\Documents\gitlocal\Eduardo-Costa\semana 12\exercicios-testes-tarde\src\exercicios\ex1.js
FN:1,anoBissexto
FNF:1
FNH:0
FNDA:0,anoBissexto
DA:2,0
DA:3,0
DA:4,0
DA:5,0
DA:6,0
LF:5
LH:0
BRDA:2,0,0,0
BRDA:2,0,1,0
BRDA:4,1,0,0
BRDA:4,1,1,0
BRDA:4,2,0,0
BRDA:4,2,1,0
BRDA:4,2,2,0
BRF:7
BRH:0
end_of_record
TN:
SF:C:\Users\Eduardo\Documents\gitlocal\Eduardo-Costa\semana 12\exercicios-testes-tarde\src\exercicios\ex2.js
FN:1,checaPalindromo
FNF:1
FNH:1
FNDA:1,checaPalindromo
LF:0
LH:0
BRF:0
BRH:0
end_of_record
TN:
SF:C:\Users\Eduardo\Documents\gitlocal\Eduardo-Costa\semana 12\exercicios-testes-tarde\src\exercicios\ex3.js
FN:1,sorteiaNumero
FNF:1
FNH:1
FNDA:1,sorteiaNumero
LF:0
LH:0
BRF:0
BRH:0
end_of_record
TN:
SF:C:\Users\Eduardo\Documents\gitlocal\Eduardo-Costa\semana 12\exercicios-testes-tarde\src\exercicios\ex4.js
FN:1,removeItensDuplicados
FNF:1
FNH:1
FNDA:1,removeItensDuplicados
LF:0
LH:0
BRF:0
BRH:0
end_of_record
TN:
SF:C:\Users\Eduardo\Documents\gitlocal\Eduardo-Costa\semana 12\exercicios-testes-tarde\src\exercicios\ex5.js
FN:1,ordenarArrayEmOrdemCrescente
FNF:1
FNH:1
FNDA:1,ordenarArrayEmOrdemCrescente
LF:0
LH:0
BRF:0
BRH:0
end_of_record
TN:
SF:C:\Users\Eduardo\Documents\gitlocal\Eduardo-Costa\semana 12\exercicios-testes-tarde\src\exercicios\ex6.js
FN:1,primeirasLetrasParaMaiusculas
FNF:1
FNH:1
FNDA:1,primeirasLetrasParaMaiusculas
LF:0
LH:0
BRF:0
BRH:0
end_of_record
